16:47:54 **** Incremental Build of configuration Debug for project SPI-Dados32b-Master ****
make -j16 all 
arm-none-eabi-gcc "../Core/Src/auxiliarSPI.c" -mcpu=cortex-m0 -std=gnu11 -g3 -DDEBUG -DUSE_HAL_DRIVER -DSTM32F072xB -c -I../Core/Inc -I../Drivers/STM32F0xx_HAL_Driver/Inc -I../Drivers/STM32F0xx_HAL_Driver/Inc/Legacy -I../Drivers/CMSIS/Device/ST/STM32F0xx/Include -I../Drivers/CMSIS/Include -O0 -ffunction-sections -fdata-sections -Wall -fstack-usage -fcyclomatic-complexity -MMD -MP -MF"Core/Src/auxiliarSPI.d" -MT"Core/Src/auxiliarSPI.o" --specs=nano.specs -mfloat-abi=soft -mthumb -o "Core/Src/auxiliarSPI.o"
arm-none-eabi-gcc "../Core/Src/main.c" -mcpu=cortex-m0 -std=gnu11 -g3 -DDEBUG -DUSE_HAL_DRIVER -DSTM32F072xB -c -I../Core/Inc -I../Drivers/STM32F0xx_HAL_Driver/Inc -I../Drivers/STM32F0xx_HAL_Driver/Inc/Legacy -I../Drivers/CMSIS/Device/ST/STM32F0xx/Include -I../Drivers/CMSIS/Include -O0 -ffunction-sections -fdata-sections -Wall -fstack-usage -fcyclomatic-complexity -MMD -MP -MF"Core/Src/main.d" -MT"Core/Src/main.o" --specs=nano.specs -mfloat-abi=soft -mthumb -o "Core/Src/main.o"
In file included from ../Core/Src/auxiliarSPI.c:8:
../Core/Inc/auxiliarSPI.h:10:10: fatal error: auxiliarSPI.c: No such file or directory
   10 | #include "auxiliarSPI.c"
      |          ^~~~~~~~~~~~~~~
compilation terminated.
In file included from ../Core/Src/main.c:24:
../Core/Inc/auxiliarSPI.h:10:10: fatal error: auxiliarSPI.c: No such file or directory
   10 | #include "auxiliarSPI.c"
      |          ^~~~~~~~~~~~~~~
compilation terminated.
make: *** [Core/Src/subdir.mk:37: Core/Src/auxiliarSPI.o] Error 1
make: *** Waiting for unfinished jobs....
make: *** [Core/Src/subdir.mk:37: Core/Src/main.o] Error 1
"make -j16 all" terminated with exit code 2. Build might be incomplete.

16:47:54 Build Failed. 5 errors, 0 warnings. (took 303ms)

